# JRE version: Java(TM) SE Runtime Environment (7.0_60-b19) (build 1.7.0_60-b19)
# Java VM: Java HotSpot(TM) Server VM (24.60-b09 mixed mode linux-x86 )
Heap
 PSYoungGen      total 12288K, used 3575K [0xb0a40000, 0xb16c0000, 0xb3500000)
  eden space 11776K, 28% used [0xb0a40000,0xb0d94258,0xb15c0000)
  from space 512K, 32% used [0xb1640000,0xb1669be0,0xb16c0000)
  to   space 512K, 0% used [0xb15c0000,0xb15c0000,0xb1640000)
 ParOldGen       total 41984K, used 31538K [0xab500000, 0xade00000, 0xb0a40000)
  object space 41984K, 75% used [0xab500000,0xad3cc8c8,0xade00000)
 PSPermGen       total 18432K, used 18215K [0xa7500000, 0xa8700000, 0xab500000)
  object space 18432K, 98% used [0xa7500000,0xa86c9c00,0xa8700000)
GC Heap History (10 events):
Event: 3018.393 GC heap before
{Heap before GC invocations=92 (full 0):
 PSYoungGen      total 12288K, used 11994K [0xb0a40000, 0xb16c0000, 0xb3500000)
  eden space 11776K, 99% used [0xb0a40000,0xb15b8c70,0xb15c0000)
  from space 512K, 48% used [0xb15c0000,0xb15fdbe0,0xb1640000)
  to   space 512K, 0% used [0xb1640000,0xb1640000,0xb16c0000)
 ParOldGen       total 41984K, used 31478K [0xab500000, 0xade00000, 0xb0a40000)
  object space 41984K, 74% used [0xab500000,0xad3bd8c8,0xade00000)
 PSPermGen       total 18176K, used 18126K [0xa7500000, 0xa86c0000, 0xab500000)
  object space 18176K, 99% used [0xa7500000,0xa86b3ae0,0xa86c0000)
Event: 3018.397 GC heap after
Heap after GC invocations=92 (full 0):
 PSYoungGen      total 12288K, used 160K [0xb0a40000, 0xb16c0000, 0xb3500000)
  eden space 11776K, 0% used [0xb0a40000,0xb0a40000,0xb15c0000)
  from space 512K, 31% used [0xb1640000,0xb1668000,0xb16c0000)
  to   space 512K, 0% used [0xb15c0000,0xb15c0000,0xb1640000)
 ParOldGen       total 41984K, used 31486K [0xab500000, 0xade00000, 0xb0a40000)
  object space 41984K, 74% used [0xab500000,0xad3bf8c8,0xade00000)
 PSPermGen       total 18176K, used 18126K [0xa7500000, 0xa86c0000, 0xab500000)
  object space 18176K, 99% used [0xa7500000,0xa86b3ae0,0xa86c0000)
}
Event: 3045.469 GC heap before
{Heap before GC invocations=93 (full 0):
 PSYoungGen      total 12288K, used 11936K [0xb0a40000, 0xb16c0000, 0xb3500000)
  eden space 11776K, 100% used [0xb0a40000,0xb15c0000,0xb15c0000)
  from space 512K, 31% used [0xb1640000,0xb1668000,0xb16c0000)
  to   space 512K, 0% used [0xb15c0000,0xb15c0000,0xb1640000)
 ParOldGen       total 41984K, used 31486K [0xab500000, 0xade00000, 0xb0a40000)
  object space 41984K, 74% used [0xab500000,0xad3bf8c8,0xade00000)
 PSPermGen       total 18176K, used 18128K [0xa7500000, 0xa86c0000, 0xab500000)
  object space 18176K, 99% used [0xa7500000,0xa86b4268,0xa86c0000)
Event: 3045.472 GC heap after
Heap after GC invocations=93 (full 0):
 PSYoungGen      total 12288K, used 166K [0xb0a40000, 0xb16c0000, 0xb3500000)
  eden space 11776K, 0% used [0xb0a40000,0xb0a40000,0xb15c0000)
  from space 512K, 32% used [0xb15c0000,0xb15e9be0,0xb1640000)
  to   space 512K, 0% used [0xb1640000,0xb1640000,0xb16c0000)
 ParOldGen       total 41984K, used 31494K [0xab500000, 0xade00000, 0xb0a40000)
  object space 41984K, 75% used [0xab500000,0xad3c18c8,0xade00000)
 PSPermGen       total 18176K, used 18128K [0xa7500000, 0xa86c0000, 0xab500000)
  object space 18176K, 99% used [0xa7500000,0xa86b4268,0xa86c0000)
}
Event: 3071.190 GC heap before
{Heap before GC invocations=94 (full 0):
 PSYoungGen      total 12288K, used 11942K [0xb0a40000, 0xb16c0000, 0xb3500000)
  eden space 11776K, 100% used [0xb0a40000,0xb15c0000,0xb15c0000)
  from space 512K, 32% used [0xb15c0000,0xb15e9be0,0xb1640000)
  to   space 512K, 0% used [0xb1640000,0xb1640000,0xb16c0000)
 ParOldGen       total 41984K, used 31494K [0xab500000, 0xade00000, 0xb0a40000)
  object space 41984K, 75% used [0xab500000,0xad3c18c8,0xade00000)
 PSPermGen       total 18176K, used 18129K [0xa7500000, 0xa86c0000, 0xab500000)
  object space 18176K, 99% used [0xa7500000,0xa86b4648,0xa86c0000)
Event: 3071.192 GC heap after
Heap after GC invocations=94 (full 0):
 PSYoungGen      total 12288K, used 230K [0xb0a40000, 0xb16c0000, 0xb3500000)
  eden space 11776K, 0% used [0xb0a40000,0xb0a40000,0xb15c0000)
  from space 512K, 45% used [0xb1640000,0xb1679be0,0xb16c0000)
  to   space 512K, 0% used [0xb15c0000,0xb15c0000,0xb1640000)
 ParOldGen       total 41984K, used 31506K [0xab500000, 0xade00000, 0xb0a40000)
  object space 41984K, 75% used [0xab500000,0xad3c48c8,0xade00000)
 PSPermGen       total 18176K, used 18129K [0xa7500000, 0xa86c0000, 0xab500000)
  object space 18176K, 99% used [0xa7500000,0xa86b4648,0xa86c0000)
}
Event: 3093.488 GC heap before
{Heap before GC invocations=95 (full 0):
 PSYoungGen      total 12288K, used 12002K [0xb0a40000, 0xb16c0000, 0xb3500000)
  eden space 11776K, 99% used [0xb0a40000,0xb15beed0,0xb15c0000)
  from space 512K, 45% used [0xb1640000,0xb1679be0,0xb16c0000)
  to   space 512K, 0% used [0xb15c0000,0xb15c0000,0xb1640000)
 ParOldGen       total 41984K, used 31506K [0xab500000, 0xade00000, 0xb0a40000)
  object space 41984K, 75% used [0xab500000,0xad3c48c8,0xade00000)
 PSPermGen       total 18176K, used 18129K [0xa7500000, 0xa86c0000, 0xab500000)
  object space 18176K, 99% used [0xa7500000,0xa86b4738,0xa86c0000)
Event: 3093.489 GC heap after
Heap after GC invocations=95 (full 0):
 PSYoungGen      total 12288K, used 230K [0xb0a40000, 0xb16c0000, 0xb3500000)
  eden space 11776K, 0% used [0xb0a40000,0xb0a40000,0xb15c0000)
  from space 512K, 45% used [0xb15c0000,0xb15f9be0,0xb1640000)
  to   space 512K, 0% used [0xb1640000,0xb1640000,0xb16c0000)
 ParOldGen       total 41984K, used 31522K [0xab500000, 0xade00000, 0xb0a40000)
  object space 41984K, 75% used [0xab500000,0xad3c88c8,0xade00000)
 PSPermGen       total 18176K, used 18129K [0xa7500000, 0xa86c0000, 0xab500000)
  object space 18176K, 99% used [0xa7500000,0xa86b4738,0xa86c0000)
}
Event: 3106.681 GC heap before
{Heap before GC invocations=96 (full 0):
 PSYoungGen      total 12288K, used 12006K [0xb0a40000, 0xb16c0000, 0xb3500000)
  eden space 11776K, 100% used [0xb0a40000,0xb15c0000,0xb15c0000)
  from space 512K, 45% used [0xb15c0000,0xb15f9be0,0xb1640000)
  to   space 512K, 0% used [0xb1640000,0xb1640000,0xb16c0000)
 ParOldGen       total 41984K, used 31522K [0xab500000, 0xade00000, 0xb0a40000)
  object space 41984K, 75% used [0xab500000,0xad3c88c8,0xade00000)
 PSPermGen       total 18176K, used 18129K [0xa7500000, 0xa86c0000, 0xab500000)
  object space 18176K, 99% used [0xa7500000,0xa86b47f0,0xa86c0000)
Event: 3106.682 GC heap after
Heap after GC invocations=96 (full 0):
 PSYoungGen      total 12288K, used 166K [0xb0a40000, 0xb16c0000, 0xb3500000)
  eden space 11776K, 0% used [0xb0a40000,0xb0a40000,0xb15c0000)
  from space 512K, 32% used [0xb1640000,0xb1669be0,0xb16c0000)
  to   space 512K, 0% used [0xb15c0000,0xb15c0000,0xb1640000)
 ParOldGen       total 41984K, used 31538K [0xab500000, 0xade00000, 0xb0a40000)
  object space 41984K, 75% used [0xab500000,0xad3cc8c8,0xade00000)
 PSPermGen       total 18176K, used 18129K [0xa7500000, 0xa86c0000, 0xab500000)
  object space 18176K, 99% used [0xa7500000,0xa86b47f0,0xa86c0000)
}

